\BOOKMARK [0][-]{chapter.1}{\376\377\000S\000t\000a\000t\000i\000s\000t\000i\000q\000u\000e\000s\000\040\000\340\000\040\000u\000n\000e\000\040\000v\000a\000r\000i\000a\000b\000l\000e}{}% 1
\BOOKMARK [1][-]{section.1.1}{\376\377\000P\000o\000u\000r\000q\000u\000o\000i\000\040\000l\000e\000s\000\040\000s\000t\000a\000t\000i\000s\000t\000i\000q\000u\000e\000s\000\040\000?}{chapter.1}% 2
\BOOKMARK [1][-]{section.1.2}{\376\377\000V\000o\000c\000a\000b\000u\000l\000a\000i\000r\000e}{chapter.1}% 3
\BOOKMARK [1][-]{section.1.3}{\376\377\000E\000f\000f\000e\000c\000t\000i\000f\000s\000\040\000e\000t\000\040\000f\000r\000\351\000q\000u\000e\000n\000c\000e\000s}{chapter.1}% 4
\BOOKMARK [1][-]{section.1.4}{\376\377\000R\000e\000p\000r\000\351\000s\000e\000n\000t\000a\000t\000i\000o\000n\000s\000\040\000g\000r\000a\000p\000h\000i\000q\000u\000e\000s}{chapter.1}% 5
\BOOKMARK [1][-]{section.1.5}{\376\377\000M\000o\000y\000e\000n\000n\000e}{chapter.1}% 6
\BOOKMARK [1][-]{section.1.6}{\376\377\000L\000i\000r\000e\000\040\000e\000t\000\040\000i\000n\000t\000e\000r\000p\000r\000\351\000t\000e\000r\000\040\000u\000n\000\040\000g\000r\000a\000p\000h\000i\000q\000u\000e}{chapter.1}% 7
\BOOKMARK [0][-]{chapter.2}{\376\377\000P\000r\000o\000b\000a\000b\000i\000l\000i\000t\000\351\000s}{}% 8
\BOOKMARK [1][-]{section.2.1}{\376\377\000E\000x\000p\000\351\000r\000i\000e\000n\000c\000e\000\040\000a\000l\000\351\000a\000t\000o\000i\000r\000e\000\040\000e\000t\000\040\000i\000s\000s\000u\000e\000s}{chapter.2}% 9
\BOOKMARK [1][-]{section.2.2}{\376\377\000\311\000v\000\351\000n\000e\000m\000e\000n\000t\000s}{chapter.2}% 10
\BOOKMARK [1][-]{section.2.3}{\376\377\000P\000r\000o\000b\000a\000b\000i\000l\000i\000t\000\351\000\040\000d\000'\000u\000n\000\040\000\351\000v\000\351\000n\000e\000m\000e\000n\000t}{chapter.2}% 11
\BOOKMARK [1][-]{section.2.4}{\376\377\000\311\000v\000\351\000n\000e\000m\000e\000n\000t\000\040\000c\000o\000n\000t\000r\000a\000i\000r\000e}{chapter.2}% 12
\BOOKMARK [1][-]{section.2.5}{\376\377\000F\000l\000u\000c\000t\000u\000a\000t\000i\000o\000n\000\040\000e\000t\000\040\000s\000t\000a\000b\000i\000l\000i\000s\000a\000t\000i\000o\000n}{chapter.2}% 13
\BOOKMARK [0][-]{chapter.3}{\376\377\000P\000r\000o\000p\000o\000r\000t\000i\000o\000n\000n\000a\000l\000i\000t\000\351\000\040\000e\000t\000\040\000p\000o\000u\000r\000c\000e\000n\000t\000a\000g\000e\000s}{}% 14
\BOOKMARK [1][-]{section.3.1}{\376\377\000S\000u\000i\000t\000e\000s\000\040\000p\000r\000o\000p\000o\000r\000t\000i\000o\000n\000n\000e\000l\000l\000e\000s}{chapter.3}% 15
\BOOKMARK [1][-]{section.3.2}{\376\377\000Q\000u\000a\000t\000r\000i\000\350\000m\000e\000\040\000p\000r\000o\000p\000o\000r\000t\000i\000o\000n\000n\000e\000l\000l\000e}{chapter.3}% 16
\BOOKMARK [1][-]{section.3.3}{\376\377\000P\000o\000u\000r\000c\000e\000n\000t\000a\000g\000e\000s}{chapter.3}% 17
\BOOKMARK [1][-]{section.3.4}{\376\377\000C\000o\000e\000f\000f\000i\000c\000i\000e\000n\000t\000\040\000m\000u\000l\000t\000i\000p\000l\000i\000c\000a\000t\000e\000u\000r}{chapter.3}% 18
\BOOKMARK [1][-]{section.3.5}{\376\377\000\311\000c\000h\000e\000l\000l\000e\000s}{chapter.3}% 19
\BOOKMARK [0][-]{chapter.4}{\376\377\000\311\000q\000u\000a\000t\000i\000o\000n\000s\000\040\000d\000u\000\040\000p\000r\000e\000m\000i\000e\000r\000\040\000d\000e\000g\000r\000\351}{}% 20
\BOOKMARK [1][-]{section.4.1}{\376\377\000Q\000u\000'\000e\000s\000t\000-\000c\000e\000\040\000q\000u\000'\000u\000n\000e\000\040\000\351\000q\000u\000a\000t\000i\000o\000n\000\040\000?}{chapter.4}% 21
\BOOKMARK [1][-]{section.4.2}{\376\377\000R\000\350\000g\000l\000e\000s\000\040\000d\000e\000\040\000t\000r\000a\000n\000s\000f\000o\000r\000m\000a\000t\000i\000o\000n}{chapter.4}% 22
\BOOKMARK [1][-]{section.4.3}{\376\377\000R\000\351\000s\000o\000u\000d\000r\000e\000\040\000a\000x\000+\000b\000=\000c}{chapter.4}% 23
\BOOKMARK [1][-]{section.4.4}{\376\377\000R\000\351\000s\000o\000u\000d\000r\000e\000\040\000a\000x\000+\000b\000=\000c\000x\000+\000d}{chapter.4}% 24
\BOOKMARK [1][-]{section.4.5}{\376\377\000M\000o\000d\000\351\000l\000i\000s\000e\000r\000\040\000u\000n\000\040\000p\000r\000o\000b\000l\000\350\000m\000e}{chapter.4}% 25
\BOOKMARK [0][-]{chapter.5}{\376\377\000F\000o\000n\000c\000t\000i\000o\000n\000s}{}% 26
\BOOKMARK [1][-]{section.5.1}{\376\377\000N\000o\000t\000i\000o\000n\000\040\000d\000e\000\040\000f\000o\000n\000c\000t\000i\000o\000n}{chapter.5}% 27
\BOOKMARK [1][-]{section.5.2}{\376\377\000T\000a\000b\000l\000e\000a\000u\000\040\000d\000e\000\040\000v\000a\000l\000e\000u\000r\000s}{chapter.5}% 28
\BOOKMARK [1][-]{section.5.3}{\376\377\000R\000e\000p\000r\000\351\000s\000e\000n\000t\000a\000t\000i\000o\000n\000\040\000g\000r\000a\000p\000h\000i\000q\000u\000e}{chapter.5}% 29
\BOOKMARK [1][-]{section.5.4}{\376\377\000V\000a\000r\000i\000a\000t\000i\000o\000n\000s}{chapter.5}% 30
\BOOKMARK [1][-]{section.5.5}{\376\377\000F\000o\000n\000c\000t\000i\000o\000n\000\040\000l\000i\000n\000\351\000a\000i\000r\000e}{chapter.5}% 31
\BOOKMARK [0][-]{chapter.6}{\376\377\000G\000\351\000o\000m\000\351\000t\000r\000i\000e}{}% 32
\BOOKMARK [1][-]{section.6.1}{\376\377\000F\000i\000g\000u\000r\000e\000s\000\040\000p\000l\000a\000n\000e\000s\000,\000\040\000p\000\351\000r\000i\000m\000\350\000t\000r\000e\000s\000\040\000e\000t\000\040\000a\000i\000r\000e\000s}{chapter.6}% 33
\BOOKMARK [1][-]{section.6.2}{\376\377\000V\000o\000l\000u\000m\000e\000s}{chapter.6}% 34
\BOOKMARK [1][-]{section.6.3}{\376\377\000T\000h\000\351\000o\000r\000\350\000m\000e\000\040\000d\000e\000\040\000P\000y\000t\000h\000a\000g\000o\000r\000e}{chapter.6}% 35
\BOOKMARK [1][-]{section.6.4}{\376\377\000T\000h\000\351\000o\000r\000\350\000m\000e\000\040\000d\000e\000\040\000T\000h\000a\000l\000\350\000s}{chapter.6}% 36
\BOOKMARK [1][-]{section.6.5}{\376\377\000S\000y\000m\000\351\000t\000r\000i\000e}{chapter.6}% 37
\BOOKMARK [1][-]{section.6.6}{\376\377\000C\000o\000n\000v\000e\000r\000s\000i\000o\000n\000s\000\040\000d\000'\000u\000n\000i\000t\000\351\000s}{chapter.6}% 38
\BOOKMARK [0][-]{chapter.7}{\376\377\000C\000a\000l\000c\000u\000l\000s\000\040\000n\000u\000m\000\351\000r\000i\000q\000u\000e\000s}{}% 39
\BOOKMARK [1][-]{section.7.1}{\376\377\000F\000r\000a\000c\000t\000i\000o\000n\000s}{chapter.7}% 40
\BOOKMARK [1][-]{section.7.2}{\376\377\000N\000o\000m\000b\000r\000e\000s\000\040\000d\000\351\000c\000i\000m\000a\000u\000x\000\040\000e\000t\000\040\000p\000r\000i\000o\000r\000i\000t\000\351\000s}{chapter.7}% 41
\BOOKMARK [1][-]{section.7.3}{\376\377\000P\000u\000i\000s\000s\000a\000n\000c\000e\000s\000\040\000d\000e\000\040\0001\0000\000\040\000e\000t\000\040\000\351\000c\000r\000i\000t\000u\000r\000e\000\040\000s\000c\000i\000e\000n\000t\000i\000f\000i\000q\000u\000e}{chapter.7}% 42
\BOOKMARK [1][-]{section.7.4}{\376\377\000O\000r\000d\000r\000e\000s\000\040\000d\000e\000\040\000g\000r\000a\000n\000d\000e\000u\000r\000\040\000e\000t\000\040\000a\000r\000r\000o\000n\000d\000i\000s}{chapter.7}% 43
\BOOKMARK [1][-]{section.7.5}{\376\377\000C\000o\000n\000v\000e\000r\000s\000i\000o\000n\000s\000\040\000d\000'\000u\000n\000i\000t\000\351\000s}{chapter.7}% 44
